<?xml version="1.0" encoding="UTF-8"?>
<!-- Generated by org.testng.reporters.JUnitReportReporter -->
<testsuite hostname="Sakshi" failures="0" tests="2" name="testLayer.SignUpTest" time="17.518" errors="0" timestamp="2022-02-01T19:11:13 PST" skipped="0">
  <testcase classname="testLayer.SignUpTest" name="Title" time="5.492"/>
  <system-out/>
  <testcase classname="testLayer.SignUpTest" name="Signup" time="12.026"/>
  <system-out/>
</testsuite> <!-- testLayer.SignUpTest -->
