<?xml version="1.0" encoding="UTF-8"?>
<!-- Generated by org.testng.reporters.JUnitReportReporter -->
<testsuite hostname="Sakshi" failures="0" tests="1" name="testLayer.LoginTest" time="19.812" errors="0" timestamp="2022-02-01T19:11:13 PST" skipped="0">
  <testcase classname="testLayer.LoginTest" name="Login" time="19.812"/>
  <system-out/>
</testsuite> <!-- testLayer.LoginTest -->
